[0.019s] Invoking command in '/home/jetson/ECE494-MUR/ros2_ws/build/groundstation_interface': CMAKE_PREFIX_PATH=/opt/ros/humble /usr/bin/cmake /home/jetson/ECE494-MUR/ros2_ws/src/groundstation_interface -DAMENT_CMAKE_SYMLINK_INSTALL=1 -DCMAKE_INSTALL_PREFIX=/home/jetson/ECE494-MUR/ros2_ws/install/groundstation_interface
[0.194s] -- The C compiler identification is GNU 11.4.0
[0.347s] -- The CXX compiler identification is GNU 11.4.0
[0.368s] -- Detecting C compiler ABI info
[0.515s] -- Detecting C compiler ABI info - done
[0.543s] -- Check for working C compiler: /usr/bin/cc - skipped
[0.544s] -- Detecting C compile features
[0.546s] -- Detecting C compile features - done
[0.555s] -- Detecting CXX compiler ABI info
[0.717s] -- Detecting CXX compiler ABI info - done
[0.742s] -- Check for working CXX compiler: /usr/bin/c++ - skipped
[0.742s] -- Detecting CXX compile features
[0.744s] -- Detecting CXX compile features - done
[0.754s] -- Found ament_cmake: 1.3.12 (/opt/ros/humble/share/ament_cmake/cmake)
[1.080s] -- Found Python3: /usr/bin/python3 (found version "3.10.12") found components: Interpreter 
[1.227s] -- Override CMake install command with custom implementation using symlinks instead of copying resources
[1.291s] -- Found ament_lint_auto: 0.12.14 (/opt/ros/humble/share/ament_lint_auto/cmake)
[1.472s] -- Added test 'lint_cmake' to check CMake code style
[1.475s] -- Added test 'xmllint' to check XML markup files
[1.478s] -- Configuring done
[1.486s] -- Generating done
[1.491s] -- Build files have been written to: /home/jetson/ECE494-MUR/ros2_ws/build/groundstation_interface
[1.502s] Invoked command in '/home/jetson/ECE494-MUR/ros2_ws/build/groundstation_interface' returned '0': CMAKE_PREFIX_PATH=/opt/ros/humble /usr/bin/cmake /home/jetson/ECE494-MUR/ros2_ws/src/groundstation_interface -DAMENT_CMAKE_SYMLINK_INSTALL=1 -DCMAKE_INSTALL_PREFIX=/home/jetson/ECE494-MUR/ros2_ws/install/groundstation_interface
[1.509s] Invoking command in '/home/jetson/ECE494-MUR/ros2_ws/build/groundstation_interface': CMAKE_PREFIX_PATH=/opt/ros/humble /usr/bin/cmake --build /home/jetson/ECE494-MUR/ros2_ws/build/groundstation_interface -- -j6 -l6
[1.588s] Invoked command in '/home/jetson/ECE494-MUR/ros2_ws/build/groundstation_interface' returned '0': CMAKE_PREFIX_PATH=/opt/ros/humble /usr/bin/cmake --build /home/jetson/ECE494-MUR/ros2_ws/build/groundstation_interface -- -j6 -l6
[1.610s] Invoking command in '/home/jetson/ECE494-MUR/ros2_ws/build/groundstation_interface': CMAKE_PREFIX_PATH=/opt/ros/humble /usr/bin/cmake --install /home/jetson/ECE494-MUR/ros2_ws/build/groundstation_interface
[1.626s] -- Install configuration: ""
[1.626s] -- Execute custom install script
[1.627s] -- Symlinking: /home/jetson/ECE494-MUR/ros2_ws/install/groundstation_interface/share/ament_index/resource_index/package_run_dependencies/groundstation_interface
[1.652s] -- Symlinking: /home/jetson/ECE494-MUR/ros2_ws/install/groundstation_interface/share/ament_index/resource_index/parent_prefix_path/groundstation_interface
[1.671s] -- Symlinking: /home/jetson/ECE494-MUR/ros2_ws/install/groundstation_interface/share/groundstation_interface/environment/ament_prefix_path.sh
[1.690s] -- Symlinking: /home/jetson/ECE494-MUR/ros2_ws/install/groundstation_interface/share/groundstation_interface/environment/ament_prefix_path.dsv
[1.708s] -- Symlinking: /home/jetson/ECE494-MUR/ros2_ws/install/groundstation_interface/share/groundstation_interface/environment/path.sh
[1.726s] -- Symlinking: /home/jetson/ECE494-MUR/ros2_ws/install/groundstation_interface/share/groundstation_interface/environment/path.dsv
[1.752s] -- Symlinking: /home/jetson/ECE494-MUR/ros2_ws/install/groundstation_interface/share/groundstation_interface/local_setup.bash
[1.771s] -- Symlinking: /home/jetson/ECE494-MUR/ros2_ws/install/groundstation_interface/share/groundstation_interface/local_setup.sh
[1.790s] -- Symlinking: /home/jetson/ECE494-MUR/ros2_ws/install/groundstation_interface/share/groundstation_interface/local_setup.zsh
[1.808s] -- Symlinking: /home/jetson/ECE494-MUR/ros2_ws/install/groundstation_interface/share/groundstation_interface/local_setup.dsv
[1.826s] -- Symlinking: /home/jetson/ECE494-MUR/ros2_ws/install/groundstation_interface/share/groundstation_interface/package.dsv
[1.850s] -- Symlinking: /home/jetson/ECE494-MUR/ros2_ws/install/groundstation_interface/share/ament_index/resource_index/packages/groundstation_interface
[1.869s] -- Symlinking: /home/jetson/ECE494-MUR/ros2_ws/install/groundstation_interface/share/groundstation_interface/cmake/groundstation_interfaceConfig.cmake
[1.886s] -- Symlinking: /home/jetson/ECE494-MUR/ros2_ws/install/groundstation_interface/share/groundstation_interface/cmake/groundstation_interfaceConfig-version.cmake
[1.903s] -- Symlinking: /home/jetson/ECE494-MUR/ros2_ws/install/groundstation_interface/share/groundstation_interface/package.xml
[1.926s] Invoked command in '/home/jetson/ECE494-MUR/ros2_ws/build/groundstation_interface' returned '0': CMAKE_PREFIX_PATH=/opt/ros/humble /usr/bin/cmake --install /home/jetson/ECE494-MUR/ros2_ws/build/groundstation_interface
