Not searching for unused variables given on the command line.
-- The C compiler identification is GNU 11.4.0
-- The CXX compiler identification is GNU 11.4.0
-- Detecting C compiler ABI info
-- Detecting C compiler ABI info - done
-- Check for working C compiler: /usr/bin/cc - skipped
-- Detecting C compile features
-- Detecting C compile features - done
-- Detecting CXX compiler ABI info
-- Detecting CXX compiler ABI info - done
-- Check for working CXX compiler: /usr/bin/c++ - skipped
-- Detecting CXX compile features
-- Detecting CXX compile features - done
-- Found ament_cmake: 1.3.12 (/opt/ros/humble/share/ament_cmake/cmake)
-- Found Python3: /usr/bin/python3 (found version "3.10.12") found components: Interpreter 
-- Found rclcpp: 16.0.17 (/opt/ros/humble/share/rclcpp/cmake)
-- Found rosidl_generator_c: 3.1.8 (/opt/ros/humble/share/rosidl_generator_c/cmake)
-- Found rosidl_adapter: 3.1.8 (/opt/ros/humble/share/rosidl_adapter/cmake)
-- Found rosidl_generator_cpp: 3.1.8 (/opt/ros/humble/share/rosidl_generator_cpp/cmake)
-- Using all available rosidl_typesupport_c: rosidl_typesupport_fastrtps_c;rosidl_typesupport_introspection_c
-- Using all available rosidl_typesupport_cpp: rosidl_typesupport_fastrtps_cpp;rosidl_typesupport_introspection_cpp
-- Found rmw_implementation_cmake: 6.1.2 (/opt/ros/humble/share/rmw_implementation_cmake/cmake)
-- Found rmw_fastrtps_cpp: 6.2.9 (/opt/ros/humble/share/rmw_fastrtps_cpp/cmake)
-- Found OpenSSL: /usr/lib/x86_64-linux-gnu/libcrypto.so (found version "3.0.2")  
-- Found FastRTPS: /opt/ros/humble/include  
-- Using RMW implementation 'rmw_fastrtps_cpp' as default
-- Looking for pthread.h
-- Looking for pthread.h - found
-- Performing Test CMAKE_HAVE_LIBC_PTHREAD
-- Performing Test CMAKE_HAVE_LIBC_PTHREAD - Success
-- Found Threads: TRUE  
-- Found ament_lint_auto: 0.12.14 (/opt/ros/humble/share/ament_lint_auto/cmake)
-- Added test 'cppcheck' to perform static code analysis on C / C++ code
-- Configured cppcheck include dirs: $<BUILD_INTERFACE:/home/nolan/ECE494-MUR/ros2_ws/src/esp32_sensors/include>
-- Configured cppcheck exclude dirs and/or files: 
-- Added test 'lint_cmake' to check CMake code style
-- Added test 'uncrustify' to check C / C++ code style
-- Configured uncrustify additional arguments: 
-- Added test 'xmllint' to check XML markup files
-- Configuring done
-- Generating done
-- Build files have been written to: /home/nolan/ECE494-MUR/ros2_ws/build/esp32_sensors
[ 50%] [32mBuilding CXX object CMakeFiles/sensor_node.dir/src/sensor_node.cpp.o[0m
[100%] [32m[1mLinking CXX executable sensor_node[0m
[100%] Built target sensor_node
-- Install configuration: "Debug"
-- Installing: /home/nolan/ECE494-MUR/ros2_ws/install/esp32_sensors/lib/esp32_sensors/sensor_node
-- Set runtime path of "/home/nolan/ECE494-MUR/ros2_ws/install/esp32_sensors/lib/esp32_sensors/sensor_node" to ""
-- Installing: /home/nolan/ECE494-MUR/ros2_ws/install/esp32_sensors/include
-- Installing: /home/nolan/ECE494-MUR/ros2_ws/install/esp32_sensors/include/marlin_comms
-- Installing: /home/nolan/ECE494-MUR/ros2_ws/install/esp32_sensors/include/marlin_comms/ring_buffer.hpp
-- Installing: /home/nolan/ECE494-MUR/ros2_ws/install/esp32_sensors/include/marlin_comms/test.cpp
-- Installing: /home/nolan/ECE494-MUR/ros2_ws/install/esp32_sensors/include/marlin_comms/serial_port.hpp
-- Installing: /home/nolan/ECE494-MUR/ros2_ws/install/esp32_sensors/include/marlin_comms/protocol.hpp
-- Installing: /home/nolan/ECE494-MUR/ros2_ws/install/esp32_sensors/share/ament_index/resource_index/package_run_dependencies/esp32_sensors
-- Installing: /home/nolan/ECE494-MUR/ros2_ws/install/esp32_sensors/share/ament_index/resource_index/parent_prefix_path/esp32_sensors
-- Installing: /home/nolan/ECE494-MUR/ros2_ws/install/esp32_sensors/share/esp32_sensors/environment/ament_prefix_path.sh
-- Installing: /home/nolan/ECE494-MUR/ros2_ws/install/esp32_sensors/share/esp32_sensors/environment/ament_prefix_path.dsv
-- Installing: /home/nolan/ECE494-MUR/ros2_ws/install/esp32_sensors/share/esp32_sensors/environment/path.sh
-- Installing: /home/nolan/ECE494-MUR/ros2_ws/install/esp32_sensors/share/esp32_sensors/environment/path.dsv
-- Installing: /home/nolan/ECE494-MUR/ros2_ws/install/esp32_sensors/share/esp32_sensors/local_setup.bash
-- Installing: /home/nolan/ECE494-MUR/ros2_ws/install/esp32_sensors/share/esp32_sensors/local_setup.sh
-- Installing: /home/nolan/ECE494-MUR/ros2_ws/install/esp32_sensors/share/esp32_sensors/local_setup.zsh
-- Installing: /home/nolan/ECE494-MUR/ros2_ws/install/esp32_sensors/share/esp32_sensors/local_setup.dsv
-- Installing: /home/nolan/ECE494-MUR/ros2_ws/install/esp32_sensors/share/esp32_sensors/package.dsv
-- Installing: /home/nolan/ECE494-MUR/ros2_ws/install/esp32_sensors/share/ament_index/resource_index/packages/esp32_sensors
-- Installing: /home/nolan/ECE494-MUR/ros2_ws/install/esp32_sensors/share/esp32_sensors/cmake/esp32_sensorsConfig.cmake
-- Installing: /home/nolan/ECE494-MUR/ros2_ws/install/esp32_sensors/share/esp32_sensors/cmake/esp32_sensorsConfig-version.cmake
-- Installing: /home/nolan/ECE494-MUR/ros2_ws/install/esp32_sensors/share/esp32_sensors/package.xml
