[0.006s] Invoking command in '/home/nolan/ECE494-MUR/ros2_ws/build/groundstation_interface': CMAKE_PREFIX_PATH=/opt/ros/humble /usr/bin/cmake --build /home/nolan/ECE494-MUR/ros2_ws/build/groundstation_interface -- -j16 -l16
[0.033s] Invoked command in '/home/nolan/ECE494-MUR/ros2_ws/build/groundstation_interface' returned '0': CMAKE_PREFIX_PATH=/opt/ros/humble /usr/bin/cmake --build /home/nolan/ECE494-MUR/ros2_ws/build/groundstation_interface -- -j16 -l16
[0.041s] Invoking command in '/home/nolan/ECE494-MUR/ros2_ws/build/groundstation_interface': CMAKE_PREFIX_PATH=/opt/ros/humble /usr/bin/cmake --install /home/nolan/ECE494-MUR/ros2_ws/build/groundstation_interface
[0.046s] -- Install configuration: "Debug"
[0.046s] -- Up-to-date: /home/nolan/ECE494-MUR/ros2_ws/install/groundstation_interface/share/ament_index/resource_index/package_run_dependencies/groundstation_interface
[0.046s] -- Up-to-date: /home/nolan/ECE494-MUR/ros2_ws/install/groundstation_interface/share/ament_index/resource_index/parent_prefix_path/groundstation_interface
[0.046s] -- Up-to-date: /home/nolan/ECE494-MUR/ros2_ws/install/groundstation_interface/share/groundstation_interface/environment/ament_prefix_path.sh
[0.046s] -- Up-to-date: /home/nolan/ECE494-MUR/ros2_ws/install/groundstation_interface/share/groundstation_interface/environment/ament_prefix_path.dsv
[0.046s] -- Up-to-date: /home/nolan/ECE494-MUR/ros2_ws/install/groundstation_interface/share/groundstation_interface/environment/path.sh
[0.046s] -- Up-to-date: /home/nolan/ECE494-MUR/ros2_ws/install/groundstation_interface/share/groundstation_interface/environment/path.dsv
[0.046s] -- Up-to-date: /home/nolan/ECE494-MUR/ros2_ws/install/groundstation_interface/share/groundstation_interface/local_setup.bash
[0.046s] -- Up-to-date: /home/nolan/ECE494-MUR/ros2_ws/install/groundstation_interface/share/groundstation_interface/local_setup.sh
[0.047s] -- Up-to-date: /home/nolan/ECE494-MUR/ros2_ws/install/groundstation_interface/share/groundstation_interface/local_setup.zsh
[0.047s] -- Up-to-date: /home/nolan/ECE494-MUR/ros2_ws/install/groundstation_interface/share/groundstation_interface/local_setup.dsv
[0.047s] -- Up-to-date: /home/nolan/ECE494-MUR/ros2_ws/install/groundstation_interface/share/groundstation_interface/package.dsv
[0.047s] -- Up-to-date: /home/nolan/ECE494-MUR/ros2_ws/install/groundstation_interface/share/ament_index/resource_index/packages/groundstation_interface
[0.047s] -- Up-to-date: /home/nolan/ECE494-MUR/ros2_ws/install/groundstation_interface/share/groundstation_interface/cmake/groundstation_interfaceConfig.cmake
[0.047s] -- Up-to-date: /home/nolan/ECE494-MUR/ros2_ws/install/groundstation_interface/share/groundstation_interface/cmake/groundstation_interfaceConfig-version.cmake
[0.047s] -- Up-to-date: /home/nolan/ECE494-MUR/ros2_ws/install/groundstation_interface/share/groundstation_interface/package.xml
[0.048s] Invoked command in '/home/nolan/ECE494-MUR/ros2_ws/build/groundstation_interface' returned '0': CMAKE_PREFIX_PATH=/opt/ros/humble /usr/bin/cmake --install /home/nolan/ECE494-MUR/ros2_ws/build/groundstation_interface
