[0.248s] DEBUG:colcon:Command line arguments: ['/usr/bin/colcon', 'build', '--symlink-install']
[0.249s] DEBUG:colcon:Parsed command line arguments: Namespace(log_base=None, log_level=None, verb_name='build', build_base='build', install_base='install', merge_install=False, symlink_install=True, test_result_base=None, continue_on_error=False, executor='parallel', parallel_workers=6, event_handlers=None, ignore_user_meta=False, metas=['./colcon.meta'], base_paths=['.'], packages_ignore=None, packages_ignore_regex=None, paths=None, packages_up_to=None, packages_up_to_regex=None, packages_above=None, packages_above_and_dependencies=None, packages_above_depth=None, packages_select_by_dep=None, packages_skip_by_dep=None, packages_skip_up_to=None, packages_select_build_failed=False, packages_skip_build_finished=False, packages_select_test_failures=False, packages_skip_test_passed=False, packages_select=None, packages_skip=None, packages_select_regex=None, packages_skip_regex=None, packages_start=None, packages_end=None, allow_overriding=[], cmake_args=None, cmake_target=None, cmake_target_skip_unavailable=False, cmake_clean_cache=False, cmake_clean_first=False, cmake_force_configure=False, ament_cmake_args=None, catkin_cmake_args=None, catkin_skip_building_tests=False, mixin_files=None, mixin=None, verb_parser=<colcon_mixin.mixin.mixin_argument.MixinArgumentDecorator object at 0xffffa97d5570>, verb_extension=<colcon_core.verb.build.BuildVerb object at 0xffffa996eec0>, main=<bound method BuildVerb.main of <colcon_core.verb.build.BuildVerb object at 0xffffa996eec0>>, mixin_verb=('build',))
[0.627s] Level 1:colcon.colcon_core.package_discovery:discover_packages(colcon_meta) check parameters
[0.628s] Level 1:colcon.colcon_core.package_discovery:discover_packages(recursive) check parameters
[0.628s] Level 1:colcon.colcon_core.package_discovery:discover_packages(ignore) check parameters
[0.628s] Level 1:colcon.colcon_core.package_discovery:discover_packages(path) check parameters
[0.628s] Level 1:colcon.colcon_core.package_discovery:discover_packages(colcon_meta) discover
[0.628s] Level 1:colcon.colcon_core.package_discovery:discover_packages(recursive) discover
[0.628s] INFO:colcon.colcon_core.package_discovery:Crawling recursively for packages in '/home/jetson/ECE494-MUR/ros2_ws'
[0.629s] Level 1:colcon.colcon_core.package_identification:_identify(.) by extensions ['ignore', 'ignore_ament_install']
[0.629s] Level 1:colcon.colcon_core.package_identification:_identify(.) by extension 'ignore'
[0.629s] Level 1:colcon.colcon_core.package_identification:_identify(.) by extension 'ignore_ament_install'
[0.629s] Level 1:colcon.colcon_core.package_identification:_identify(.) by extensions ['colcon_pkg']
[0.629s] Level 1:colcon.colcon_core.package_identification:_identify(.) by extension 'colcon_pkg'
[0.629s] Level 1:colcon.colcon_core.package_identification:_identify(.) by extensions ['colcon_meta']
[0.629s] Level 1:colcon.colcon_core.package_identification:_identify(.) by extension 'colcon_meta'
[0.630s] Level 1:colcon.colcon_core.package_identification:_identify(.) by extensions ['ros']
[0.630s] Level 1:colcon.colcon_core.package_identification:_identify(.) by extension 'ros'
[0.654s] Level 1:colcon.colcon_core.package_identification:_identify(.) by extensions ['cmake', 'python']
[0.654s] Level 1:colcon.colcon_core.package_identification:_identify(.) by extension 'cmake'
[0.654s] Level 1:colcon.colcon_core.package_identification:_identify(.) by extension 'python'
[0.654s] Level 1:colcon.colcon_core.package_identification:_identify(.) by extensions ['python_setup_py']
[0.654s] Level 1:colcon.colcon_core.package_identification:_identify(.) by extension 'python_setup_py'
[0.655s] Level 1:colcon.colcon_core.package_identification:_identify(build) by extensions ['ignore', 'ignore_ament_install']
[0.655s] Level 1:colcon.colcon_core.package_identification:_identify(build) by extension 'ignore'
[0.655s] Level 1:colcon.colcon_core.package_identification:_identify(build) ignored
[0.655s] Level 1:colcon.colcon_core.package_identification:_identify(install) by extensions ['ignore', 'ignore_ament_install']
[0.655s] Level 1:colcon.colcon_core.package_identification:_identify(install) by extension 'ignore'
[0.656s] Level 1:colcon.colcon_core.package_identification:_identify(install) ignored
[0.656s] Level 1:colcon.colcon_core.package_identification:_identify(log) by extensions ['ignore', 'ignore_ament_install']
[0.656s] Level 1:colcon.colcon_core.package_identification:_identify(log) by extension 'ignore'
[0.656s] Level 1:colcon.colcon_core.package_identification:_identify(log) ignored
[0.656s] Level 1:colcon.colcon_core.package_identification:_identify(src) by extensions ['ignore', 'ignore_ament_install']
[0.656s] Level 1:colcon.colcon_core.package_identification:_identify(src) by extension 'ignore'
[0.657s] Level 1:colcon.colcon_core.package_identification:_identify(src) by extension 'ignore_ament_install'
[0.657s] Level 1:colcon.colcon_core.package_identification:_identify(src) by extensions ['colcon_pkg']
[0.657s] Level 1:colcon.colcon_core.package_identification:_identify(src) by extension 'colcon_pkg'
[0.657s] Level 1:colcon.colcon_core.package_identification:_identify(src) by extensions ['colcon_meta']
[0.657s] Level 1:colcon.colcon_core.package_identification:_identify(src) by extension 'colcon_meta'
[0.657s] Level 1:colcon.colcon_core.package_identification:_identify(src) by extensions ['ros']
[0.657s] Level 1:colcon.colcon_core.package_identification:_identify(src) by extension 'ros'
[0.657s] Level 1:colcon.colcon_core.package_identification:_identify(src) by extensions ['cmake', 'python']
[0.657s] Level 1:colcon.colcon_core.package_identification:_identify(src) by extension 'cmake'
[0.658s] Level 1:colcon.colcon_core.package_identification:_identify(src) by extension 'python'
[0.658s] Level 1:colcon.colcon_core.package_identification:_identify(src) by extensions ['python_setup_py']
[0.658s] Level 1:colcon.colcon_core.package_identification:_identify(src) by extension 'python_setup_py'
[0.658s] Level 1:colcon.colcon_core.package_identification:_identify(src/groundstation_interface) by extensions ['ignore', 'ignore_ament_install']
[0.658s] Level 1:colcon.colcon_core.package_identification:_identify(src/groundstation_interface) by extension 'ignore'
[0.658s] Level 1:colcon.colcon_core.package_identification:_identify(src/groundstation_interface) by extension 'ignore_ament_install'
[0.658s] Level 1:colcon.colcon_core.package_identification:_identify(src/groundstation_interface) by extensions ['colcon_pkg']
[0.658s] Level 1:colcon.colcon_core.package_identification:_identify(src/groundstation_interface) by extension 'colcon_pkg'
[0.659s] Level 1:colcon.colcon_core.package_identification:_identify(src/groundstation_interface) by extensions ['colcon_meta']
[0.659s] Level 1:colcon.colcon_core.package_identification:_identify(src/groundstation_interface) by extension 'colcon_meta'
[0.659s] Level 1:colcon.colcon_core.package_identification:_identify(src/groundstation_interface) by extensions ['ros']
[0.659s] Level 1:colcon.colcon_core.package_identification:_identify(src/groundstation_interface) by extension 'ros'
[0.665s] DEBUG:colcon.colcon_core.package_identification:Package 'src/groundstation_interface' with type 'ros.ament_cmake' and name 'groundstation_interface'
[0.665s] Level 1:colcon.colcon_core.package_discovery:discover_packages(recursive) using defaults
[0.665s] Level 1:colcon.colcon_core.package_discovery:discover_packages(ignore) discover
[0.665s] Level 1:colcon.colcon_core.package_discovery:discover_packages(ignore) using defaults
[0.666s] Level 1:colcon.colcon_core.package_discovery:discover_packages(path) discover
[0.666s] Level 1:colcon.colcon_core.package_discovery:discover_packages(path) using defaults
[0.738s] Level 1:colcon.colcon_core.package_discovery:discover_packages(prefix_path) check parameters
[0.738s] Level 1:colcon.colcon_core.package_discovery:discover_packages(prefix_path) discover
[0.743s] DEBUG:colcon.colcon_installed_package_information.package_discovery:Found 271 installed packages in /opt/ros/humble
[0.746s] Level 1:colcon.colcon_core.package_discovery:discover_packages(prefix_path) using defaults
[0.829s] Level 5:colcon.colcon_core.verb:set package 'groundstation_interface' build argument 'cmake_args' from command line to 'None'
[0.829s] Level 5:colcon.colcon_core.verb:set package 'groundstation_interface' build argument 'cmake_target' from command line to 'None'
[0.829s] Level 5:colcon.colcon_core.verb:set package 'groundstation_interface' build argument 'cmake_target_skip_unavailable' from command line to 'False'
[0.829s] Level 5:colcon.colcon_core.verb:set package 'groundstation_interface' build argument 'cmake_clean_cache' from command line to 'False'
[0.829s] Level 5:colcon.colcon_core.verb:set package 'groundstation_interface' build argument 'cmake_clean_first' from command line to 'False'
[0.829s] Level 5:colcon.colcon_core.verb:set package 'groundstation_interface' build argument 'cmake_force_configure' from command line to 'False'
[0.829s] Level 5:colcon.colcon_core.verb:set package 'groundstation_interface' build argument 'ament_cmake_args' from command line to 'None'
[0.829s] Level 5:colcon.colcon_core.verb:set package 'groundstation_interface' build argument 'catkin_cmake_args' from command line to 'None'
[0.829s] Level 5:colcon.colcon_core.verb:set package 'groundstation_interface' build argument 'catkin_skip_building_tests' from command line to 'False'
[0.830s] DEBUG:colcon.colcon_core.verb:Building package 'groundstation_interface' with the following arguments: {'ament_cmake_args': None, 'build_base': '/home/jetson/ECE494-MUR/ros2_ws/build/groundstation_interface', 'catkin_cmake_args': None, 'catkin_skip_building_tests': False, 'cmake_args': None, 'cmake_clean_cache': False, 'cmake_clean_first': False, 'cmake_force_configure': False, 'cmake_target': None, 'cmake_target_skip_unavailable': False, 'install_base': '/home/jetson/ECE494-MUR/ros2_ws/install/groundstation_interface', 'merge_install': False, 'path': '/home/jetson/ECE494-MUR/ros2_ws/src/groundstation_interface', 'symlink_install': True, 'test_result_base': None}
[0.830s] INFO:colcon.colcon_core.executor:Executing jobs using 'parallel' executor
[0.833s] DEBUG:colcon.colcon_parallel_executor.executor.parallel:run_until_complete
[0.833s] INFO:colcon.colcon_ros.task.ament_cmake.build:Building ROS package in '/home/jetson/ECE494-MUR/ros2_ws/src/groundstation_interface' with build type 'ament_cmake'
[0.834s] INFO:colcon.colcon_cmake.task.cmake.build:Building CMake package in '/home/jetson/ECE494-MUR/ros2_ws/src/groundstation_interface'
[0.838s] INFO:colcon.colcon_core.plugin_system:Skipping extension 'colcon_core.shell.bat': Not used on non-Windows systems
[0.838s] INFO:colcon.colcon_core.shell:Skip shell extension 'powershell' for command environment: Not usable outside of PowerShell
[0.838s] DEBUG:colcon.colcon_core.shell:Skip shell extension 'dsv' for command environment
[0.853s] DEBUG:colcon.colcon_core.event_handler.log_command:Invoking command in '/home/jetson/ECE494-MUR/ros2_ws/build/groundstation_interface': CMAKE_PREFIX_PATH=/opt/ros/humble /usr/bin/cmake /home/jetson/ECE494-MUR/ros2_ws/src/groundstation_interface -DAMENT_CMAKE_SYMLINK_INSTALL=1 -DCMAKE_INSTALL_PREFIX=/home/jetson/ECE494-MUR/ros2_ws/install/groundstation_interface
[2.336s] DEBUG:colcon.colcon_core.event_handler.log_command:Invoked command in '/home/jetson/ECE494-MUR/ros2_ws/build/groundstation_interface' returned '0': CMAKE_PREFIX_PATH=/opt/ros/humble /usr/bin/cmake /home/jetson/ECE494-MUR/ros2_ws/src/groundstation_interface -DAMENT_CMAKE_SYMLINK_INSTALL=1 -DCMAKE_INSTALL_PREFIX=/home/jetson/ECE494-MUR/ros2_ws/install/groundstation_interface
[2.343s] DEBUG:colcon.colcon_core.event_handler.log_command:Invoking command in '/home/jetson/ECE494-MUR/ros2_ws/build/groundstation_interface': CMAKE_PREFIX_PATH=/opt/ros/humble /usr/bin/cmake --build /home/jetson/ECE494-MUR/ros2_ws/build/groundstation_interface -- -j6 -l6
[2.422s] DEBUG:colcon.colcon_core.event_handler.log_command:Invoked command in '/home/jetson/ECE494-MUR/ros2_ws/build/groundstation_interface' returned '0': CMAKE_PREFIX_PATH=/opt/ros/humble /usr/bin/cmake --build /home/jetson/ECE494-MUR/ros2_ws/build/groundstation_interface -- -j6 -l6
[2.444s] DEBUG:colcon.colcon_core.event_handler.log_command:Invoking command in '/home/jetson/ECE494-MUR/ros2_ws/build/groundstation_interface': CMAKE_PREFIX_PATH=/opt/ros/humble /usr/bin/cmake --install /home/jetson/ECE494-MUR/ros2_ws/build/groundstation_interface
[2.758s] Level 1:colcon.colcon_core.environment:create_environment_scripts_only(groundstation_interface)
[2.760s] DEBUG:colcon.colcon_core.event_handler.log_command:Invoked command in '/home/jetson/ECE494-MUR/ros2_ws/build/groundstation_interface' returned '0': CMAKE_PREFIX_PATH=/opt/ros/humble /usr/bin/cmake --install /home/jetson/ECE494-MUR/ros2_ws/build/groundstation_interface
[2.769s] Level 1:colcon.colcon_core.environment:checking '/home/jetson/ECE494-MUR/ros2_ws/install/groundstation_interface' for CMake module files
[2.770s] Level 1:colcon.colcon_core.environment:checking '/home/jetson/ECE494-MUR/ros2_ws/install/groundstation_interface' for CMake config files
[2.771s] Level 1:colcon.colcon_core.shell:create_environment_hook('groundstation_interface', 'cmake_prefix_path')
[2.771s] INFO:colcon.colcon_core.shell:Creating environment hook '/home/jetson/ECE494-MUR/ros2_ws/install/groundstation_interface/share/groundstation_interface/hook/cmake_prefix_path.ps1'
[2.773s] INFO:colcon.colcon_core.shell:Creating environment descriptor '/home/jetson/ECE494-MUR/ros2_ws/install/groundstation_interface/share/groundstation_interface/hook/cmake_prefix_path.dsv'
[2.775s] INFO:colcon.colcon_core.shell:Creating environment hook '/home/jetson/ECE494-MUR/ros2_ws/install/groundstation_interface/share/groundstation_interface/hook/cmake_prefix_path.sh'
[2.777s] Level 1:colcon.colcon_core.environment:checking '/home/jetson/ECE494-MUR/ros2_ws/install/groundstation_interface/bin'
[2.777s] Level 1:colcon.colcon_core.environment:checking '/home/jetson/ECE494-MUR/ros2_ws/install/groundstation_interface/lib/pkgconfig/groundstation_interface.pc'
[2.778s] Level 1:colcon.colcon_core.environment:checking '/home/jetson/ECE494-MUR/ros2_ws/install/groundstation_interface/lib/python3.10/site-packages'
[2.779s] Level 1:colcon.colcon_core.environment:checking '/home/jetson/ECE494-MUR/ros2_ws/install/groundstation_interface/bin'
[2.779s] INFO:colcon.colcon_core.shell:Creating package script '/home/jetson/ECE494-MUR/ros2_ws/install/groundstation_interface/share/groundstation_interface/package.ps1'
[2.781s] INFO:colcon.colcon_core.shell:Creating package descriptor '/home/jetson/ECE494-MUR/ros2_ws/install/groundstation_interface/share/groundstation_interface/package.dsv'
[2.783s] INFO:colcon.colcon_core.shell:Creating package script '/home/jetson/ECE494-MUR/ros2_ws/install/groundstation_interface/share/groundstation_interface/package.sh'
[2.785s] INFO:colcon.colcon_core.shell:Creating package script '/home/jetson/ECE494-MUR/ros2_ws/install/groundstation_interface/share/groundstation_interface/package.bash'
[2.788s] INFO:colcon.colcon_core.shell:Creating package script '/home/jetson/ECE494-MUR/ros2_ws/install/groundstation_interface/share/groundstation_interface/package.zsh'
[2.790s] Level 1:colcon.colcon_core.environment:create_file_with_runtime_dependencies(/home/jetson/ECE494-MUR/ros2_ws/install/groundstation_interface/share/colcon-core/packages/groundstation_interface)
[2.792s] Level 1:colcon.colcon_core.environment:create_environment_scripts_only(groundstation_interface)
[2.793s] Level 1:colcon.colcon_core.environment:checking '/home/jetson/ECE494-MUR/ros2_ws/install/groundstation_interface' for CMake module files
[2.795s] Level 1:colcon.colcon_core.environment:checking '/home/jetson/ECE494-MUR/ros2_ws/install/groundstation_interface' for CMake config files
[2.796s] Level 1:colcon.colcon_core.shell:create_environment_hook('groundstation_interface', 'cmake_prefix_path')
[2.796s] INFO:colcon.colcon_core.shell:Creating environment hook '/home/jetson/ECE494-MUR/ros2_ws/install/groundstation_interface/share/groundstation_interface/hook/cmake_prefix_path.ps1'
[2.798s] INFO:colcon.colcon_core.shell:Creating environment descriptor '/home/jetson/ECE494-MUR/ros2_ws/install/groundstation_interface/share/groundstation_interface/hook/cmake_prefix_path.dsv'
[2.799s] INFO:colcon.colcon_core.shell:Creating environment hook '/home/jetson/ECE494-MUR/ros2_ws/install/groundstation_interface/share/groundstation_interface/hook/cmake_prefix_path.sh'
[2.801s] Level 1:colcon.colcon_core.environment:checking '/home/jetson/ECE494-MUR/ros2_ws/install/groundstation_interface/bin'
[2.801s] Level 1:colcon.colcon_core.environment:checking '/home/jetson/ECE494-MUR/ros2_ws/install/groundstation_interface/lib/pkgconfig/groundstation_interface.pc'
[2.801s] Level 1:colcon.colcon_core.environment:checking '/home/jetson/ECE494-MUR/ros2_ws/install/groundstation_interface/lib/python3.10/site-packages'
[2.802s] Level 1:colcon.colcon_core.environment:checking '/home/jetson/ECE494-MUR/ros2_ws/install/groundstation_interface/bin'
[2.803s] INFO:colcon.colcon_core.shell:Creating package script '/home/jetson/ECE494-MUR/ros2_ws/install/groundstation_interface/share/groundstation_interface/package.ps1'
[2.804s] INFO:colcon.colcon_core.shell:Creating package descriptor '/home/jetson/ECE494-MUR/ros2_ws/install/groundstation_interface/share/groundstation_interface/package.dsv'
[2.805s] INFO:colcon.colcon_core.shell:Creating package script '/home/jetson/ECE494-MUR/ros2_ws/install/groundstation_interface/share/groundstation_interface/package.sh'
[2.807s] INFO:colcon.colcon_core.shell:Creating package script '/home/jetson/ECE494-MUR/ros2_ws/install/groundstation_interface/share/groundstation_interface/package.bash'
[2.808s] INFO:colcon.colcon_core.shell:Creating package script '/home/jetson/ECE494-MUR/ros2_ws/install/groundstation_interface/share/groundstation_interface/package.zsh'
[2.809s] Level 1:colcon.colcon_core.environment:create_file_with_runtime_dependencies(/home/jetson/ECE494-MUR/ros2_ws/install/groundstation_interface/share/colcon-core/packages/groundstation_interface)
[2.810s] DEBUG:colcon.colcon_parallel_executor.executor.parallel:closing loop
[2.810s] DEBUG:colcon.colcon_parallel_executor.executor.parallel:loop closed
[2.811s] DEBUG:colcon.colcon_parallel_executor.executor.parallel:run_until_complete finished with '0'
[2.811s] DEBUG:colcon.colcon_core.event_reactor:joining thread
[2.829s] INFO:colcon.colcon_core.plugin_system:Skipping extension 'colcon_notification.desktop_notification.terminal_notifier': Not used on non-Darwin systems
[2.829s] INFO:colcon.colcon_core.plugin_system:Skipping extension 'colcon_notification.desktop_notification.win32': Not used on non-Windows systems
[2.829s] INFO:colcon.colcon_notification.desktop_notification:Sending desktop notification using 'notify2'
[2.871s] DEBUG:colcon.colcon_core.event_reactor:joined thread
[2.871s] INFO:colcon.colcon_core.shell:Creating prefix script '/home/jetson/ECE494-MUR/ros2_ws/install/local_setup.ps1'
[2.875s] INFO:colcon.colcon_core.shell:Creating prefix util module '/home/jetson/ECE494-MUR/ros2_ws/install/_local_setup_util_ps1.py'
[2.878s] INFO:colcon.colcon_core.shell:Creating prefix chain script '/home/jetson/ECE494-MUR/ros2_ws/install/setup.ps1'
[2.882s] INFO:colcon.colcon_core.shell:Creating prefix script '/home/jetson/ECE494-MUR/ros2_ws/install/local_setup.sh'
[2.883s] INFO:colcon.colcon_core.shell:Creating prefix util module '/home/jetson/ECE494-MUR/ros2_ws/install/_local_setup_util_sh.py'
[2.884s] INFO:colcon.colcon_core.shell:Creating prefix chain script '/home/jetson/ECE494-MUR/ros2_ws/install/setup.sh'
[2.887s] INFO:colcon.colcon_core.shell:Creating prefix script '/home/jetson/ECE494-MUR/ros2_ws/install/local_setup.bash'
[2.889s] INFO:colcon.colcon_core.shell:Creating prefix chain script '/home/jetson/ECE494-MUR/ros2_ws/install/setup.bash'
[2.892s] INFO:colcon.colcon_core.shell:Creating prefix script '/home/jetson/ECE494-MUR/ros2_ws/install/local_setup.zsh'
[2.893s] INFO:colcon.colcon_core.shell:Creating prefix chain script '/home/jetson/ECE494-MUR/ros2_ws/install/setup.zsh'
