[0.064s] DEBUG:colcon:Command line arguments: ['/usr/bin/colcon', 'build', '--mixin', 'compile-commands', '--cmake-args', '-DCMAKE_BUILD_TYPE=Debug']
[0.064s] DEBUG:colcon:Parsed command line arguments: Namespace(log_base=None, log_level=None, verb_name='build', build_base='build', install_base='install', merge_install=False, symlink_install=False, test_result_base=None, continue_on_error=False, executor='parallel', parallel_workers=16, event_handlers=None, ignore_user_meta=False, metas=['./colcon.meta'], base_paths=['.'], packages_ignore=None, packages_ignore_regex=None, paths=None, packages_up_to=None, packages_up_to_regex=None, packages_above=None, packages_above_and_dependencies=None, packages_above_depth=None, packages_select_by_dep=None, packages_skip_by_dep=None, packages_skip_up_to=None, packages_select_build_failed=False, packages_skip_build_finished=False, packages_select_test_failures=False, packages_skip_test_passed=False, packages_select=None, packages_skip=None, packages_select_regex=None, packages_skip_regex=None, packages_start=None, packages_end=None, allow_overriding=[], cmake_args=['-DCMAKE_EXPORT_COMPILE_COMMANDS=ON', '--no-warn-unused-cli', '-DCMAKE_BUILD_TYPE=Debug'], cmake_target=None, cmake_target_skip_unavailable=False, cmake_clean_cache=False, cmake_clean_first=False, cmake_force_configure=False, ament_cmake_args=None, catkin_cmake_args=None, catkin_skip_building_tests=False, mixin_files=None, mixin=['compile-commands'], verb_parser=<colcon_mixin.mixin.mixin_argument.MixinArgumentDecorator object at 0x7ab19c34dd80>, verb_extension=<colcon_core.verb.build.BuildVerb object at 0x7ab19c34d8d0>, main=<bound method BuildVerb.main of <colcon_core.verb.build.BuildVerb object at 0x7ab19c34d8d0>>, mixin_verb=('build',))
[0.146s] Level 1:colcon.colcon_core.package_discovery:discover_packages(colcon_meta) check parameters
[0.146s] Level 1:colcon.colcon_core.package_discovery:discover_packages(recursive) check parameters
[0.146s] Level 1:colcon.colcon_core.package_discovery:discover_packages(ignore) check parameters
[0.146s] Level 1:colcon.colcon_core.package_discovery:discover_packages(path) check parameters
[0.146s] Level 1:colcon.colcon_core.package_discovery:discover_packages(colcon_meta) discover
[0.146s] Level 1:colcon.colcon_core.package_discovery:discover_packages(recursive) discover
[0.146s] INFO:colcon.colcon_core.package_discovery:Crawling recursively for packages in '/home/nolan/ECE494-MUR/ros2_ws'
[0.146s] Level 1:colcon.colcon_core.package_identification:_identify(.) by extensions ['ignore', 'ignore_ament_install']
[0.146s] Level 1:colcon.colcon_core.package_identification:_identify(.) by extension 'ignore'
[0.146s] Level 1:colcon.colcon_core.package_identification:_identify(.) by extension 'ignore_ament_install'
[0.146s] Level 1:colcon.colcon_core.package_identification:_identify(.) by extensions ['colcon_pkg']
[0.146s] Level 1:colcon.colcon_core.package_identification:_identify(.) by extension 'colcon_pkg'
[0.146s] Level 1:colcon.colcon_core.package_identification:_identify(.) by extensions ['colcon_meta']
[0.146s] Level 1:colcon.colcon_core.package_identification:_identify(.) by extension 'colcon_meta'
[0.146s] Level 1:colcon.colcon_core.package_identification:_identify(.) by extensions ['ros']
[0.146s] Level 1:colcon.colcon_core.package_identification:_identify(.) by extension 'ros'
[0.152s] Level 1:colcon.colcon_core.package_identification:_identify(.) by extensions ['cmake', 'python']
[0.152s] Level 1:colcon.colcon_core.package_identification:_identify(.) by extension 'cmake'
[0.152s] Level 1:colcon.colcon_core.package_identification:_identify(.) by extension 'python'
[0.152s] Level 1:colcon.colcon_core.package_identification:_identify(.) by extensions ['python_setup_py']
[0.152s] Level 1:colcon.colcon_core.package_identification:_identify(.) by extension 'python_setup_py'
[0.152s] Level 1:colcon.colcon_core.package_identification:_identify(build) by extensions ['ignore', 'ignore_ament_install']
[0.152s] Level 1:colcon.colcon_core.package_identification:_identify(build) by extension 'ignore'
[0.152s] Level 1:colcon.colcon_core.package_identification:_identify(build) ignored
[0.152s] Level 1:colcon.colcon_core.package_identification:_identify(install) by extensions ['ignore', 'ignore_ament_install']
[0.152s] Level 1:colcon.colcon_core.package_identification:_identify(install) by extension 'ignore'
[0.152s] Level 1:colcon.colcon_core.package_identification:_identify(install) ignored
[0.152s] Level 1:colcon.colcon_core.package_identification:_identify(log) by extensions ['ignore', 'ignore_ament_install']
[0.152s] Level 1:colcon.colcon_core.package_identification:_identify(log) by extension 'ignore'
[0.152s] Level 1:colcon.colcon_core.package_identification:_identify(log) ignored
[0.152s] Level 1:colcon.colcon_core.package_identification:_identify(src) by extensions ['ignore', 'ignore_ament_install']
[0.152s] Level 1:colcon.colcon_core.package_identification:_identify(src) by extension 'ignore'
[0.152s] Level 1:colcon.colcon_core.package_identification:_identify(src) by extension 'ignore_ament_install'
[0.152s] Level 1:colcon.colcon_core.package_identification:_identify(src) by extensions ['colcon_pkg']
[0.152s] Level 1:colcon.colcon_core.package_identification:_identify(src) by extension 'colcon_pkg'
[0.152s] Level 1:colcon.colcon_core.package_identification:_identify(src) by extensions ['colcon_meta']
[0.152s] Level 1:colcon.colcon_core.package_identification:_identify(src) by extension 'colcon_meta'
[0.152s] Level 1:colcon.colcon_core.package_identification:_identify(src) by extensions ['ros']
[0.152s] Level 1:colcon.colcon_core.package_identification:_identify(src) by extension 'ros'
[0.152s] Level 1:colcon.colcon_core.package_identification:_identify(src) by extensions ['cmake', 'python']
[0.152s] Level 1:colcon.colcon_core.package_identification:_identify(src) by extension 'cmake'
[0.152s] Level 1:colcon.colcon_core.package_identification:_identify(src) by extension 'python'
[0.152s] Level 1:colcon.colcon_core.package_identification:_identify(src) by extensions ['python_setup_py']
[0.152s] Level 1:colcon.colcon_core.package_identification:_identify(src) by extension 'python_setup_py'
[0.152s] Level 1:colcon.colcon_core.package_identification:_identify(src/esp32_sensors) by extensions ['ignore', 'ignore_ament_install']
[0.153s] Level 1:colcon.colcon_core.package_identification:_identify(src/esp32_sensors) by extension 'ignore'
[0.153s] Level 1:colcon.colcon_core.package_identification:_identify(src/esp32_sensors) by extension 'ignore_ament_install'
[0.153s] Level 1:colcon.colcon_core.package_identification:_identify(src/esp32_sensors) by extensions ['colcon_pkg']
[0.153s] Level 1:colcon.colcon_core.package_identification:_identify(src/esp32_sensors) by extension 'colcon_pkg'
[0.153s] Level 1:colcon.colcon_core.package_identification:_identify(src/esp32_sensors) by extensions ['colcon_meta']
[0.153s] Level 1:colcon.colcon_core.package_identification:_identify(src/esp32_sensors) by extension 'colcon_meta'
[0.153s] Level 1:colcon.colcon_core.package_identification:_identify(src/esp32_sensors) by extensions ['ros']
[0.153s] Level 1:colcon.colcon_core.package_identification:_identify(src/esp32_sensors) by extension 'ros'
[0.154s] DEBUG:colcon.colcon_core.package_identification:Package 'src/esp32_sensors' with type 'ros.ament_cmake' and name 'esp32_sensors'
[0.154s] Level 1:colcon.colcon_core.package_identification:_identify(src/groundstation_interface) by extensions ['ignore', 'ignore_ament_install']
[0.154s] Level 1:colcon.colcon_core.package_identification:_identify(src/groundstation_interface) by extension 'ignore'
[0.154s] Level 1:colcon.colcon_core.package_identification:_identify(src/groundstation_interface) by extension 'ignore_ament_install'
[0.154s] Level 1:colcon.colcon_core.package_identification:_identify(src/groundstation_interface) by extensions ['colcon_pkg']
[0.154s] Level 1:colcon.colcon_core.package_identification:_identify(src/groundstation_interface) by extension 'colcon_pkg'
[0.154s] Level 1:colcon.colcon_core.package_identification:_identify(src/groundstation_interface) by extensions ['colcon_meta']
[0.154s] Level 1:colcon.colcon_core.package_identification:_identify(src/groundstation_interface) by extension 'colcon_meta'
[0.154s] Level 1:colcon.colcon_core.package_identification:_identify(src/groundstation_interface) by extensions ['ros']
[0.154s] Level 1:colcon.colcon_core.package_identification:_identify(src/groundstation_interface) by extension 'ros'
[0.154s] DEBUG:colcon.colcon_core.package_identification:Package 'src/groundstation_interface' with type 'ros.ament_cmake' and name 'groundstation_interface'
[0.154s] Level 1:colcon.colcon_core.package_discovery:discover_packages(recursive) using defaults
[0.154s] Level 1:colcon.colcon_core.package_discovery:discover_packages(ignore) discover
[0.154s] Level 1:colcon.colcon_core.package_discovery:discover_packages(ignore) using defaults
[0.154s] Level 1:colcon.colcon_core.package_discovery:discover_packages(path) discover
[0.154s] Level 1:colcon.colcon_core.package_discovery:discover_packages(path) using defaults
[0.171s] Level 1:colcon.colcon_core.package_discovery:discover_packages(prefix_path) check parameters
[0.171s] Level 1:colcon.colcon_core.package_discovery:discover_packages(prefix_path) discover
[0.172s] DEBUG:colcon.colcon_installed_package_information.package_discovery:Found 317 installed packages in /opt/ros/humble
[0.173s] Level 1:colcon.colcon_core.package_discovery:discover_packages(prefix_path) using defaults
[0.192s] Level 5:colcon.colcon_core.verb:set package 'esp32_sensors' build argument 'cmake_args' from command line to '['-DCMAKE_EXPORT_COMPILE_COMMANDS=ON', '--no-warn-unused-cli', '-DCMAKE_BUILD_TYPE=Debug']'
[0.193s] Level 5:colcon.colcon_core.verb:set package 'esp32_sensors' build argument 'cmake_target' from command line to 'None'
[0.193s] Level 5:colcon.colcon_core.verb:set package 'esp32_sensors' build argument 'cmake_target_skip_unavailable' from command line to 'False'
[0.193s] Level 5:colcon.colcon_core.verb:set package 'esp32_sensors' build argument 'cmake_clean_cache' from command line to 'False'
[0.193s] Level 5:colcon.colcon_core.verb:set package 'esp32_sensors' build argument 'cmake_clean_first' from command line to 'False'
[0.193s] Level 5:colcon.colcon_core.verb:set package 'esp32_sensors' build argument 'cmake_force_configure' from command line to 'False'
[0.193s] Level 5:colcon.colcon_core.verb:set package 'esp32_sensors' build argument 'ament_cmake_args' from command line to 'None'
[0.193s] Level 5:colcon.colcon_core.verb:set package 'esp32_sensors' build argument 'catkin_cmake_args' from command line to 'None'
[0.193s] Level 5:colcon.colcon_core.verb:set package 'esp32_sensors' build argument 'catkin_skip_building_tests' from command line to 'False'
[0.193s] DEBUG:colcon.colcon_core.verb:Building package 'esp32_sensors' with the following arguments: {'ament_cmake_args': None, 'build_base': '/home/nolan/ECE494-MUR/ros2_ws/build/esp32_sensors', 'catkin_cmake_args': None, 'catkin_skip_building_tests': False, 'cmake_args': ['-DCMAKE_EXPORT_COMPILE_COMMANDS=ON', '--no-warn-unused-cli', '-DCMAKE_BUILD_TYPE=Debug'], 'cmake_clean_cache': False, 'cmake_clean_first': False, 'cmake_force_configure': False, 'cmake_target': None, 'cmake_target_skip_unavailable': False, 'install_base': '/home/nolan/ECE494-MUR/ros2_ws/install/esp32_sensors', 'merge_install': False, 'path': '/home/nolan/ECE494-MUR/ros2_ws/src/esp32_sensors', 'symlink_install': False, 'test_result_base': None}
[0.193s] Level 5:colcon.colcon_core.verb:set package 'groundstation_interface' build argument 'cmake_args' from command line to '['-DCMAKE_EXPORT_COMPILE_COMMANDS=ON', '--no-warn-unused-cli', '-DCMAKE_BUILD_TYPE=Debug']'
[0.193s] Level 5:colcon.colcon_core.verb:set package 'groundstation_interface' build argument 'cmake_target' from command line to 'None'
[0.193s] Level 5:colcon.colcon_core.verb:set package 'groundstation_interface' build argument 'cmake_target_skip_unavailable' from command line to 'False'
[0.193s] Level 5:colcon.colcon_core.verb:set package 'groundstation_interface' build argument 'cmake_clean_cache' from command line to 'False'
[0.193s] Level 5:colcon.colcon_core.verb:set package 'groundstation_interface' build argument 'cmake_clean_first' from command line to 'False'
[0.193s] Level 5:colcon.colcon_core.verb:set package 'groundstation_interface' build argument 'cmake_force_configure' from command line to 'False'
[0.193s] Level 5:colcon.colcon_core.verb:set package 'groundstation_interface' build argument 'ament_cmake_args' from command line to 'None'
[0.193s] Level 5:colcon.colcon_core.verb:set package 'groundstation_interface' build argument 'catkin_cmake_args' from command line to 'None'
[0.193s] Level 5:colcon.colcon_core.verb:set package 'groundstation_interface' build argument 'catkin_skip_building_tests' from command line to 'False'
[0.193s] DEBUG:colcon.colcon_core.verb:Building package 'groundstation_interface' with the following arguments: {'ament_cmake_args': None, 'build_base': '/home/nolan/ECE494-MUR/ros2_ws/build/groundstation_interface', 'catkin_cmake_args': None, 'catkin_skip_building_tests': False, 'cmake_args': ['-DCMAKE_EXPORT_COMPILE_COMMANDS=ON', '--no-warn-unused-cli', '-DCMAKE_BUILD_TYPE=Debug'], 'cmake_clean_cache': False, 'cmake_clean_first': False, 'cmake_force_configure': False, 'cmake_target': None, 'cmake_target_skip_unavailable': False, 'install_base': '/home/nolan/ECE494-MUR/ros2_ws/install/groundstation_interface', 'merge_install': False, 'path': '/home/nolan/ECE494-MUR/ros2_ws/src/groundstation_interface', 'symlink_install': False, 'test_result_base': None}
[0.193s] INFO:colcon.colcon_core.executor:Executing jobs using 'parallel' executor
[0.194s] DEBUG:colcon.colcon_parallel_executor.executor.parallel:run_until_complete
[0.194s] INFO:colcon.colcon_ros.task.ament_cmake.build:Building ROS package in '/home/nolan/ECE494-MUR/ros2_ws/src/esp32_sensors' with build type 'ament_cmake'
[0.194s] INFO:colcon.colcon_cmake.task.cmake.build:Building CMake package in '/home/nolan/ECE494-MUR/ros2_ws/src/esp32_sensors'
[0.195s] INFO:colcon.colcon_core.plugin_system:Skipping extension 'colcon_core.shell.bat': Not used on non-Windows systems
[0.195s] INFO:colcon.colcon_core.shell:Skip shell extension 'powershell' for command environment: Not usable outside of PowerShell
[0.195s] DEBUG:colcon.colcon_core.shell:Skip shell extension 'dsv' for command environment
[0.197s] INFO:colcon.colcon_ros.task.ament_cmake.build:Building ROS package in '/home/nolan/ECE494-MUR/ros2_ws/src/groundstation_interface' with build type 'ament_cmake'
[0.197s] INFO:colcon.colcon_cmake.task.cmake.build:Building CMake package in '/home/nolan/ECE494-MUR/ros2_ws/src/groundstation_interface'
[0.197s] INFO:colcon.colcon_core.shell:Skip shell extension 'powershell' for command environment: Not usable outside of PowerShell
[0.197s] DEBUG:colcon.colcon_core.shell:Skip shell extension 'dsv' for command environment
[0.203s] DEBUG:colcon.colcon_core.event_handler.log_command:Invoking command in '/home/nolan/ECE494-MUR/ros2_ws/build/esp32_sensors': CMAKE_PREFIX_PATH=/opt/ros/humble /usr/bin/cmake --build /home/nolan/ECE494-MUR/ros2_ws/build/esp32_sensors -- -j16 -l16
[0.204s] DEBUG:colcon.colcon_core.event_handler.log_command:Invoking command in '/home/nolan/ECE494-MUR/ros2_ws/build/groundstation_interface': CMAKE_PREFIX_PATH=/opt/ros/humble /usr/bin/cmake --build /home/nolan/ECE494-MUR/ros2_ws/build/groundstation_interface -- -j16 -l16
[0.230s] DEBUG:colcon.colcon_core.event_handler.log_command:Invoked command in '/home/nolan/ECE494-MUR/ros2_ws/build/groundstation_interface' returned '0': CMAKE_PREFIX_PATH=/opt/ros/humble /usr/bin/cmake --build /home/nolan/ECE494-MUR/ros2_ws/build/groundstation_interface -- -j16 -l16
[0.238s] DEBUG:colcon.colcon_core.event_handler.log_command:Invoking command in '/home/nolan/ECE494-MUR/ros2_ws/build/groundstation_interface': CMAKE_PREFIX_PATH=/opt/ros/humble /usr/bin/cmake --install /home/nolan/ECE494-MUR/ros2_ws/build/groundstation_interface
[0.245s] Level 1:colcon.colcon_core.environment:create_environment_scripts_only(groundstation_interface)
[0.245s] DEBUG:colcon.colcon_core.event_handler.log_command:Invoked command in '/home/nolan/ECE494-MUR/ros2_ws/build/groundstation_interface' returned '0': CMAKE_PREFIX_PATH=/opt/ros/humble /usr/bin/cmake --install /home/nolan/ECE494-MUR/ros2_ws/build/groundstation_interface
[0.247s] Level 1:colcon.colcon_core.environment:checking '/home/nolan/ECE494-MUR/ros2_ws/install/groundstation_interface' for CMake module files
[0.247s] Level 1:colcon.colcon_core.environment:checking '/home/nolan/ECE494-MUR/ros2_ws/install/groundstation_interface' for CMake config files
[0.247s] Level 1:colcon.colcon_core.shell:create_environment_hook('groundstation_interface', 'cmake_prefix_path')
[0.247s] INFO:colcon.colcon_core.shell:Creating environment hook '/home/nolan/ECE494-MUR/ros2_ws/install/groundstation_interface/share/groundstation_interface/hook/cmake_prefix_path.ps1'
[0.248s] INFO:colcon.colcon_core.shell:Creating environment descriptor '/home/nolan/ECE494-MUR/ros2_ws/install/groundstation_interface/share/groundstation_interface/hook/cmake_prefix_path.dsv'
[0.248s] INFO:colcon.colcon_core.shell:Creating environment hook '/home/nolan/ECE494-MUR/ros2_ws/install/groundstation_interface/share/groundstation_interface/hook/cmake_prefix_path.sh'
[0.248s] Level 1:colcon.colcon_core.environment:checking '/home/nolan/ECE494-MUR/ros2_ws/install/groundstation_interface/bin'
[0.248s] Level 1:colcon.colcon_core.environment:checking '/home/nolan/ECE494-MUR/ros2_ws/install/groundstation_interface/lib/pkgconfig/groundstation_interface.pc'
[0.249s] Level 1:colcon.colcon_core.environment:checking '/home/nolan/ECE494-MUR/ros2_ws/install/groundstation_interface/lib/python3.10/site-packages'
[0.249s] Level 1:colcon.colcon_core.environment:checking '/home/nolan/ECE494-MUR/ros2_ws/install/groundstation_interface/bin'
[0.249s] INFO:colcon.colcon_core.shell:Creating package script '/home/nolan/ECE494-MUR/ros2_ws/install/groundstation_interface/share/groundstation_interface/package.ps1'
[0.249s] INFO:colcon.colcon_core.shell:Creating package descriptor '/home/nolan/ECE494-MUR/ros2_ws/install/groundstation_interface/share/groundstation_interface/package.dsv'
[0.250s] INFO:colcon.colcon_core.shell:Creating package script '/home/nolan/ECE494-MUR/ros2_ws/install/groundstation_interface/share/groundstation_interface/package.sh'
[0.250s] INFO:colcon.colcon_core.shell:Creating package script '/home/nolan/ECE494-MUR/ros2_ws/install/groundstation_interface/share/groundstation_interface/package.bash'
[0.250s] INFO:colcon.colcon_core.shell:Creating package script '/home/nolan/ECE494-MUR/ros2_ws/install/groundstation_interface/share/groundstation_interface/package.zsh'
[0.251s] Level 1:colcon.colcon_core.environment:create_file_with_runtime_dependencies(/home/nolan/ECE494-MUR/ros2_ws/install/groundstation_interface/share/colcon-core/packages/groundstation_interface)
[0.251s] Level 1:colcon.colcon_core.environment:create_environment_scripts_only(groundstation_interface)
[0.251s] Level 1:colcon.colcon_core.environment:checking '/home/nolan/ECE494-MUR/ros2_ws/install/groundstation_interface' for CMake module files
[0.251s] Level 1:colcon.colcon_core.environment:checking '/home/nolan/ECE494-MUR/ros2_ws/install/groundstation_interface' for CMake config files
[0.251s] Level 1:colcon.colcon_core.shell:create_environment_hook('groundstation_interface', 'cmake_prefix_path')
[0.251s] INFO:colcon.colcon_core.shell:Creating environment hook '/home/nolan/ECE494-MUR/ros2_ws/install/groundstation_interface/share/groundstation_interface/hook/cmake_prefix_path.ps1'
[0.252s] INFO:colcon.colcon_core.shell:Creating environment descriptor '/home/nolan/ECE494-MUR/ros2_ws/install/groundstation_interface/share/groundstation_interface/hook/cmake_prefix_path.dsv'
[0.252s] INFO:colcon.colcon_core.shell:Creating environment hook '/home/nolan/ECE494-MUR/ros2_ws/install/groundstation_interface/share/groundstation_interface/hook/cmake_prefix_path.sh'
[0.252s] Level 1:colcon.colcon_core.environment:checking '/home/nolan/ECE494-MUR/ros2_ws/install/groundstation_interface/bin'
[0.252s] Level 1:colcon.colcon_core.environment:checking '/home/nolan/ECE494-MUR/ros2_ws/install/groundstation_interface/lib/pkgconfig/groundstation_interface.pc'
[0.252s] Level 1:colcon.colcon_core.environment:checking '/home/nolan/ECE494-MUR/ros2_ws/install/groundstation_interface/lib/python3.10/site-packages'
[0.252s] Level 1:colcon.colcon_core.environment:checking '/home/nolan/ECE494-MUR/ros2_ws/install/groundstation_interface/bin'
[0.252s] INFO:colcon.colcon_core.shell:Creating package script '/home/nolan/ECE494-MUR/ros2_ws/install/groundstation_interface/share/groundstation_interface/package.ps1'
[0.253s] INFO:colcon.colcon_core.shell:Creating package descriptor '/home/nolan/ECE494-MUR/ros2_ws/install/groundstation_interface/share/groundstation_interface/package.dsv'
[0.253s] INFO:colcon.colcon_core.shell:Creating package script '/home/nolan/ECE494-MUR/ros2_ws/install/groundstation_interface/share/groundstation_interface/package.sh'
[0.253s] INFO:colcon.colcon_core.shell:Creating package script '/home/nolan/ECE494-MUR/ros2_ws/install/groundstation_interface/share/groundstation_interface/package.bash'
[0.253s] INFO:colcon.colcon_core.shell:Creating package script '/home/nolan/ECE494-MUR/ros2_ws/install/groundstation_interface/share/groundstation_interface/package.zsh'
[0.253s] Level 1:colcon.colcon_core.environment:create_file_with_runtime_dependencies(/home/nolan/ECE494-MUR/ros2_ws/install/groundstation_interface/share/colcon-core/packages/groundstation_interface)
[2.328s] DEBUG:colcon.colcon_core.event_handler.log_command:Invoked command in '/home/nolan/ECE494-MUR/ros2_ws/build/esp32_sensors' returned '0': CMAKE_PREFIX_PATH=/opt/ros/humble /usr/bin/cmake --build /home/nolan/ECE494-MUR/ros2_ws/build/esp32_sensors -- -j16 -l16
[2.329s] DEBUG:colcon.colcon_core.event_handler.log_command:Invoking command in '/home/nolan/ECE494-MUR/ros2_ws/build/esp32_sensors': CMAKE_PREFIX_PATH=/opt/ros/humble /usr/bin/cmake --install /home/nolan/ECE494-MUR/ros2_ws/build/esp32_sensors
[2.336s] Level 1:colcon.colcon_core.environment:create_environment_scripts_only(esp32_sensors)
[2.336s] DEBUG:colcon.colcon_core.event_handler.log_command:Invoked command in '/home/nolan/ECE494-MUR/ros2_ws/build/esp32_sensors' returned '0': CMAKE_PREFIX_PATH=/opt/ros/humble /usr/bin/cmake --install /home/nolan/ECE494-MUR/ros2_ws/build/esp32_sensors
[2.336s] Level 1:colcon.colcon_core.environment:checking '/home/nolan/ECE494-MUR/ros2_ws/install/esp32_sensors' for CMake module files
[2.337s] Level 1:colcon.colcon_core.environment:checking '/home/nolan/ECE494-MUR/ros2_ws/install/esp32_sensors' for CMake config files
[2.337s] Level 1:colcon.colcon_core.shell:create_environment_hook('esp32_sensors', 'cmake_prefix_path')
[2.337s] INFO:colcon.colcon_core.shell:Creating environment hook '/home/nolan/ECE494-MUR/ros2_ws/install/esp32_sensors/share/esp32_sensors/hook/cmake_prefix_path.ps1'
[2.337s] INFO:colcon.colcon_core.shell:Creating environment descriptor '/home/nolan/ECE494-MUR/ros2_ws/install/esp32_sensors/share/esp32_sensors/hook/cmake_prefix_path.dsv'
[2.338s] INFO:colcon.colcon_core.shell:Creating environment hook '/home/nolan/ECE494-MUR/ros2_ws/install/esp32_sensors/share/esp32_sensors/hook/cmake_prefix_path.sh'
[2.338s] Level 1:colcon.colcon_core.environment:checking '/home/nolan/ECE494-MUR/ros2_ws/install/esp32_sensors/lib'
[2.338s] Level 1:colcon.colcon_core.environment:checking '/home/nolan/ECE494-MUR/ros2_ws/install/esp32_sensors/bin'
[2.338s] Level 1:colcon.colcon_core.environment:checking '/home/nolan/ECE494-MUR/ros2_ws/install/esp32_sensors/lib/pkgconfig/esp32_sensors.pc'
[2.338s] Level 1:colcon.colcon_core.environment:checking '/home/nolan/ECE494-MUR/ros2_ws/install/esp32_sensors/lib/python3.10/site-packages'
[2.338s] Level 1:colcon.colcon_core.environment:checking '/home/nolan/ECE494-MUR/ros2_ws/install/esp32_sensors/bin'
[2.339s] INFO:colcon.colcon_core.shell:Creating package script '/home/nolan/ECE494-MUR/ros2_ws/install/esp32_sensors/share/esp32_sensors/package.ps1'
[2.339s] INFO:colcon.colcon_core.shell:Creating package descriptor '/home/nolan/ECE494-MUR/ros2_ws/install/esp32_sensors/share/esp32_sensors/package.dsv'
[2.339s] INFO:colcon.colcon_core.shell:Creating package script '/home/nolan/ECE494-MUR/ros2_ws/install/esp32_sensors/share/esp32_sensors/package.sh'
[2.340s] INFO:colcon.colcon_core.shell:Creating package script '/home/nolan/ECE494-MUR/ros2_ws/install/esp32_sensors/share/esp32_sensors/package.bash'
[2.340s] INFO:colcon.colcon_core.shell:Creating package script '/home/nolan/ECE494-MUR/ros2_ws/install/esp32_sensors/share/esp32_sensors/package.zsh'
[2.340s] Level 1:colcon.colcon_core.environment:create_file_with_runtime_dependencies(/home/nolan/ECE494-MUR/ros2_ws/install/esp32_sensors/share/colcon-core/packages/esp32_sensors)
[2.340s] Level 1:colcon.colcon_core.environment:create_environment_scripts_only(esp32_sensors)
[2.341s] Level 1:colcon.colcon_core.environment:checking '/home/nolan/ECE494-MUR/ros2_ws/install/esp32_sensors' for CMake module files
[2.341s] Level 1:colcon.colcon_core.environment:checking '/home/nolan/ECE494-MUR/ros2_ws/install/esp32_sensors' for CMake config files
[2.341s] Level 1:colcon.colcon_core.shell:create_environment_hook('esp32_sensors', 'cmake_prefix_path')
[2.341s] INFO:colcon.colcon_core.shell:Creating environment hook '/home/nolan/ECE494-MUR/ros2_ws/install/esp32_sensors/share/esp32_sensors/hook/cmake_prefix_path.ps1'
[2.341s] INFO:colcon.colcon_core.shell:Creating environment descriptor '/home/nolan/ECE494-MUR/ros2_ws/install/esp32_sensors/share/esp32_sensors/hook/cmake_prefix_path.dsv'
[2.342s] INFO:colcon.colcon_core.shell:Creating environment hook '/home/nolan/ECE494-MUR/ros2_ws/install/esp32_sensors/share/esp32_sensors/hook/cmake_prefix_path.sh'
[2.342s] Level 1:colcon.colcon_core.environment:checking '/home/nolan/ECE494-MUR/ros2_ws/install/esp32_sensors/lib'
[2.342s] Level 1:colcon.colcon_core.environment:checking '/home/nolan/ECE494-MUR/ros2_ws/install/esp32_sensors/bin'
[2.342s] Level 1:colcon.colcon_core.environment:checking '/home/nolan/ECE494-MUR/ros2_ws/install/esp32_sensors/lib/pkgconfig/esp32_sensors.pc'
[2.342s] Level 1:colcon.colcon_core.environment:checking '/home/nolan/ECE494-MUR/ros2_ws/install/esp32_sensors/lib/python3.10/site-packages'
[2.342s] Level 1:colcon.colcon_core.environment:checking '/home/nolan/ECE494-MUR/ros2_ws/install/esp32_sensors/bin'
[2.343s] INFO:colcon.colcon_core.shell:Creating package script '/home/nolan/ECE494-MUR/ros2_ws/install/esp32_sensors/share/esp32_sensors/package.ps1'
[2.343s] INFO:colcon.colcon_core.shell:Creating package descriptor '/home/nolan/ECE494-MUR/ros2_ws/install/esp32_sensors/share/esp32_sensors/package.dsv'
[2.343s] INFO:colcon.colcon_core.shell:Creating package script '/home/nolan/ECE494-MUR/ros2_ws/install/esp32_sensors/share/esp32_sensors/package.sh'
[2.343s] INFO:colcon.colcon_core.shell:Creating package script '/home/nolan/ECE494-MUR/ros2_ws/install/esp32_sensors/share/esp32_sensors/package.bash'
[2.344s] INFO:colcon.colcon_core.shell:Creating package script '/home/nolan/ECE494-MUR/ros2_ws/install/esp32_sensors/share/esp32_sensors/package.zsh'
[2.344s] Level 1:colcon.colcon_core.environment:create_file_with_runtime_dependencies(/home/nolan/ECE494-MUR/ros2_ws/install/esp32_sensors/share/colcon-core/packages/esp32_sensors)
[2.344s] DEBUG:colcon.colcon_parallel_executor.executor.parallel:closing loop
[2.344s] DEBUG:colcon.colcon_parallel_executor.executor.parallel:loop closed
[2.344s] DEBUG:colcon.colcon_parallel_executor.executor.parallel:run_until_complete finished with '0'
[2.344s] DEBUG:colcon.colcon_core.event_reactor:joining thread
[2.348s] INFO:colcon.colcon_core.plugin_system:Skipping extension 'colcon_notification.desktop_notification.terminal_notifier': Not used on non-Darwin systems
[2.348s] INFO:colcon.colcon_core.plugin_system:Skipping extension 'colcon_notification.desktop_notification.win32': Not used on non-Windows systems
[2.349s] INFO:colcon.colcon_notification.desktop_notification:Sending desktop notification using 'notify2'
[2.356s] DEBUG:colcon.colcon_core.event_reactor:joined thread
[2.357s] INFO:colcon.colcon_core.shell:Creating prefix script '/home/nolan/ECE494-MUR/ros2_ws/install/local_setup.ps1'
[2.357s] INFO:colcon.colcon_core.shell:Creating prefix util module '/home/nolan/ECE494-MUR/ros2_ws/install/_local_setup_util_ps1.py'
[2.358s] INFO:colcon.colcon_core.shell:Creating prefix chain script '/home/nolan/ECE494-MUR/ros2_ws/install/setup.ps1'
[2.359s] INFO:colcon.colcon_core.shell:Creating prefix script '/home/nolan/ECE494-MUR/ros2_ws/install/local_setup.sh'
[2.359s] INFO:colcon.colcon_core.shell:Creating prefix util module '/home/nolan/ECE494-MUR/ros2_ws/install/_local_setup_util_sh.py'
[2.359s] INFO:colcon.colcon_core.shell:Creating prefix chain script '/home/nolan/ECE494-MUR/ros2_ws/install/setup.sh'
[2.360s] INFO:colcon.colcon_core.shell:Creating prefix script '/home/nolan/ECE494-MUR/ros2_ws/install/local_setup.bash'
[2.360s] INFO:colcon.colcon_core.shell:Creating prefix chain script '/home/nolan/ECE494-MUR/ros2_ws/install/setup.bash'
[2.361s] INFO:colcon.colcon_core.shell:Creating prefix script '/home/nolan/ECE494-MUR/ros2_ws/install/local_setup.zsh'
[2.361s] INFO:colcon.colcon_core.shell:Creating prefix chain script '/home/nolan/ECE494-MUR/ros2_ws/install/setup.zsh'
