[0.005s] Invoking command in '/home/nolan/ECE494-MUR/ros2_ws/build/groundstation_interface': CMAKE_PREFIX_PATH=/opt/ros/humble /usr/bin/cmake /home/nolan/ECE494-MUR/ros2_ws/src/groundstation_interface -DCMAKE_EXPORT_COMPILE_COMMANDS=ON --no-warn-unused-cli -DCMAKE_BUILD_TYPE=Debug -DCMAKE_INSTALL_PREFIX=/home/nolan/ECE494-MUR/ros2_ws/install/groundstation_interface
[0.010s] Not searching for unused variables given on the command line.
[0.047s] -- The C compiler identification is GNU 11.4.0
[0.083s] -- The CXX compiler identification is GNU 11.4.0
[0.087s] -- Detecting C compiler ABI info
[0.133s] -- Detecting C compiler ABI info - done
[0.140s] -- Check for working C compiler: /usr/bin/cc - skipped
[0.140s] -- Detecting C compile features
[0.140s] -- Detecting C compile features - done
[0.142s] -- Detecting CXX compiler ABI info
[0.191s] -- Detecting CXX compiler ABI info - done
[0.196s] -- Check for working CXX compiler: /usr/bin/c++ - skipped
[0.196s] -- Detecting CXX compile features
[0.196s] -- Detecting CXX compile features - done
[0.198s] -- Found ament_cmake: 1.3.12 (/opt/ros/humble/share/ament_cmake/cmake)
[0.290s] -- Found Python3: /usr/bin/python3 (found version "3.10.12") found components: Interpreter 
[0.340s] -- Found ament_lint_auto: 0.12.14 (/opt/ros/humble/share/ament_lint_auto/cmake)
[0.386s] -- Added test 'lint_cmake' to check CMake code style
[0.387s] -- Added test 'xmllint' to check XML markup files
[0.387s] -- Configuring done
[0.389s] -- Generating done
[0.389s] -- Build files have been written to: /home/nolan/ECE494-MUR/ros2_ws/build/groundstation_interface
[0.392s] Invoked command in '/home/nolan/ECE494-MUR/ros2_ws/build/groundstation_interface' returned '0': CMAKE_PREFIX_PATH=/opt/ros/humble /usr/bin/cmake /home/nolan/ECE494-MUR/ros2_ws/src/groundstation_interface -DCMAKE_EXPORT_COMPILE_COMMANDS=ON --no-warn-unused-cli -DCMAKE_BUILD_TYPE=Debug -DCMAKE_INSTALL_PREFIX=/home/nolan/ECE494-MUR/ros2_ws/install/groundstation_interface
[0.394s] Invoking command in '/home/nolan/ECE494-MUR/ros2_ws/build/groundstation_interface': CMAKE_PREFIX_PATH=/opt/ros/humble /usr/bin/cmake --build /home/nolan/ECE494-MUR/ros2_ws/build/groundstation_interface -- -j16 -l16
[0.419s] Invoked command in '/home/nolan/ECE494-MUR/ros2_ws/build/groundstation_interface' returned '0': CMAKE_PREFIX_PATH=/opt/ros/humble /usr/bin/cmake --build /home/nolan/ECE494-MUR/ros2_ws/build/groundstation_interface -- -j16 -l16
[0.425s] Invoking command in '/home/nolan/ECE494-MUR/ros2_ws/build/groundstation_interface': CMAKE_PREFIX_PATH=/opt/ros/humble /usr/bin/cmake --install /home/nolan/ECE494-MUR/ros2_ws/build/groundstation_interface
[0.430s] -- Install configuration: "Debug"
[0.430s] -- Installing: /home/nolan/ECE494-MUR/ros2_ws/install/groundstation_interface/share/ament_index/resource_index/package_run_dependencies/groundstation_interface
[0.430s] -- Installing: /home/nolan/ECE494-MUR/ros2_ws/install/groundstation_interface/share/ament_index/resource_index/parent_prefix_path/groundstation_interface
[0.430s] -- Installing: /home/nolan/ECE494-MUR/ros2_ws/install/groundstation_interface/share/groundstation_interface/environment/ament_prefix_path.sh
[0.430s] -- Installing: /home/nolan/ECE494-MUR/ros2_ws/install/groundstation_interface/share/groundstation_interface/environment/ament_prefix_path.dsv
[0.430s] -- Installing: /home/nolan/ECE494-MUR/ros2_ws/install/groundstation_interface/share/groundstation_interface/environment/path.sh
[0.430s] -- Installing: /home/nolan/ECE494-MUR/ros2_ws/install/groundstation_interface/share/groundstation_interface/environment/path.dsv
[0.430s] -- Installing: /home/nolan/ECE494-MUR/ros2_ws/install/groundstation_interface/share/groundstation_interface/local_setup.bash
[0.430s] -- Installing: /home/nolan/ECE494-MUR/ros2_ws/install/groundstation_interface/share/groundstation_interface/local_setup.sh
[0.430s] -- Installing: /home/nolan/ECE494-MUR/ros2_ws/install/groundstation_interface/share/groundstation_interface/local_setup.zsh
[0.430s] -- Installing: /home/nolan/ECE494-MUR/ros2_ws/install/groundstation_interface/share/groundstation_interface/local_setup.dsv
[0.430s] -- Installing: /home/nolan/ECE494-MUR/ros2_ws/install/groundstation_interface/share/groundstation_interface/package.dsv
[0.430s] -- Installing: /home/nolan/ECE494-MUR/ros2_ws/install/groundstation_interface/share/ament_index/resource_index/packages/groundstation_interface
[0.430s] -- Installing: /home/nolan/ECE494-MUR/ros2_ws/install/groundstation_interface/share/groundstation_interface/cmake/groundstation_interfaceConfig.cmake
[0.430s] -- Installing: /home/nolan/ECE494-MUR/ros2_ws/install/groundstation_interface/share/groundstation_interface/cmake/groundstation_interfaceConfig-version.cmake
[0.430s] -- Installing: /home/nolan/ECE494-MUR/ros2_ws/install/groundstation_interface/share/groundstation_interface/package.xml
[0.431s] Invoked command in '/home/nolan/ECE494-MUR/ros2_ws/build/groundstation_interface' returned '0': CMAKE_PREFIX_PATH=/opt/ros/humble /usr/bin/cmake --install /home/nolan/ECE494-MUR/ros2_ws/build/groundstation_interface
